2025-02-22 19:14:12 [INFO] Fetching geolocation for ZIP code: 90210
2025-02-22 19:14:12 [DEBUG] Request URL: http://api.openweathermap.org/geo/1.0/zip?zip=90210,US&appid=f897a99d971b5eef57be6fafa0d83239
2025-02-22 19:14:12 [DEBUG] Response JSON for 90210: {'lat': 34.0901, 'lon': -118.4065, 'name': 'Beverly Hills', 'state': 'California', 'country': 'US'}
2025-02-22 19:14:12 [INFO] Fetching geolocation for city/state: Madison, WI
2025-02-22 19:14:12 [DEBUG] Request URL: http://api.openweathermap.org/geo/1.0/direct?q=Madison,WI,US&limit=1&appid=f897a99d971b5eef57be6fafa0d83239
2025-02-22 19:14:12 [DEBUG] Response JSON for Madison, WI: [{'lat': 43.0731, 'lon': -89.4012, 'name': 'Madison', 'state': 'Wisconsin', 'country': 'US'}]
2025-02-22 19:14:12 [INFO] Fetching geolocation for city/state: Madison WI
2025-02-22 19:14:12 [ERROR] Invalid city/state format: Madison WI
2025-02-22 19:14:12 [INFO] Fetching geolocation for city/state: Madison
2025-02-22 19:14:12 [ERROR] Invalid city/state format: Madison
2025-02-22 19:14:12 [INFO] Fetching geolocation for ZIP code: ABC123
2025-02-22 19:14:12 [DEBUG] Request URL: http://api.openweathermap.org/geo/1.0/zip?zip=ABC123,US&appid=f897a99d971b5eef57be6fafa0d83239
2025-02-22 19:14:12 [ERROR] Error fetching data for ABC123: {"cod":"404","message":"not found"}
2025-02-22 19:14:12 [INFO] Fetching geolocation for city/state: Madison, WI
2025-02-22 19:14:12 [DEBUG] Request URL: http://api.openweathermap.org/geo/1.0/direct?q=Madison,WI,US&limit=1&appid=f897a99d971b5eef57be6fafa0d83239
2025-02-22 19:14:13 [DEBUG] Response JSON for Madison, WI: [{'name': 'Madison', 'local_names': {'zh': '麦迪逊', 'sr': 'Медисон', 'pl': 'Madison', 'ru': 'Мадисон', 'ta': 'மேடிசன்', 'en': 'Madison', 'uk': 'Медісон'}, 'lat': 43.074761, 'lon': -89.3837613, 'country': 'US', 'state': 'Wisconsin'}]
2025-02-22 19:14:13 [DEBUG] Output for Madison, WI:
Result: Madison (US)
Latitude: 43.074761
Longitude: -89.3837613
2025-02-22 19:14:13 [INFO] Fetching geolocation for ZIP code: 90210
2025-02-22 19:14:13 [DEBUG] Request URL: http://api.openweathermap.org/geo/1.0/zip?zip=90210,US&appid=f897a99d971b5eef57be6fafa0d83239
2025-02-22 19:14:13 [DEBUG] Response JSON for 90210: {'zip': '90210', 'name': 'Beverly Hills', 'lat': 34.0901, 'lon': -118.4065, 'country': 'US'}
2025-02-22 19:14:13 [DEBUG] Output for 90210:
Result: Beverly Hills (US)
Latitude: 34.0901
Longitude: -118.4065
2025-02-22 19:14:40 [INFO] Processing location (GUI): 46410
2025-02-22 19:14:40 [INFO] Fetching geolocation for ZIP code: 46410
2025-02-22 19:14:40 [DEBUG] Request URL: http://api.openweathermap.org/geo/1.0/zip?zip=46410,US&appid=f897a99d971b5eef57be6fafa0d83239
2025-02-22 19:14:41 [DEBUG] Response JSON for 46410: {'zip': '46410', 'name': 'Merrillville', 'lat': 41.4957, 'lon': -87.3509, 'country': 'US'}
2025-02-22 19:14:59 [INFO] Processing location (GUI): chicago, il
2025-02-22 19:14:59 [INFO] Fetching geolocation for city/state: chicago, il
2025-02-22 19:14:59 [DEBUG] Request URL: http://api.openweathermap.org/geo/1.0/direct?q=chicago,il,US&limit=1&appid=f897a99d971b5eef57be6fafa0d83239
2025-02-22 19:14:59 [DEBUG] Response JSON for chicago, il: [{'name': 'Chicago', 'local_names': {'sg': 'Chicago', 'yi': 'שיקאגא', 'it': 'Chicago', 'sw': 'Chicago', 'lb': 'Chicago', 'vi': 'Chicago', 'vo': 'Chicago', 'th': 'ชิคาโก', 'os': 'Чикаго', 'ko': '시카고', 'te': 'చికాగో', 'kw': 'Chicago', 'eo': 'Ĉikago', 'id': 'Chicago', 'xh': 'E-Chicago', 'tr': 'Şikago', 'tk': 'Chicago', 'cs': 'Chicago', 'gv': 'Chicago', 'nv': 'Shikááʼgóó', 'el': 'Σικάγο', 'ki': 'Chicago', 'rn': 'Chicago', 'sl': 'Chicago', 'li': 'Chicago', 'gd': 'Chicago', 'qu': 'Chicago', 'pl': 'Chicago', 'hy': 'Չիկագո', 'ug': 'Chikago', 'bs': 'Chicago', 'ar': 'شيكاغو', 'sk': 'Chicago', 'sq': 'Çikago', 'bi': 'Chicago', 'ig': 'Chicago', 'uk': 'Чикаго', 'rm': 'Chicago', 'ps': 'شیکاګو', 'be': 'Чыкага', 'na': 'Chicago', 'fy': 'Chicago', 'ta': 'சிகாகோ', 'bg': 'Чикаго', 'bm': 'Chicago', 'tg': 'Чикаго', 'fa': 'شیکاگو', 'fi': 'Chicago', 'so': 'Chicago', 'oc': 'Chicago', 'nn': 'Chicago', 'nl': 'Chicago', 'ru': 'Чикаго', 'hi': 'शिकागो', 'hr': 'Chicago', 'ca': 'Chicago', 'sr': 'Чикаго', 'yo': 'Ṣìkágò', 'lt': 'Čikaga', 'fr': 'Chicago', 'ky': 'Чикаго', 'ia': 'Chicago', 'ht': 'Chikago', 'az': 'Çikaqo', 'ku': 'Chicago', 'kn': 'ಶಿಕಾಗೊ', 'ha': 'Chicago', 'he': 'שיקגו', 'zh': '芝加哥', 'mk': 'Чикаго', 'br': 'Chicago', 'bn': 'শিকাগো', 'an': 'Chicago', 'fj': 'Chicago', 'no': 'Chicago', 'en': 'Chicago', 'jv': 'Chicago', 'tw': 'Kyekago', 'ml': 'ഷിക്കാഗോ', 'la': 'Sicagum', 'is': 'Chicago', 'zu': 'Chicago', 'lv': 'Čikāga', 'tt': 'Çikago', 'mr': 'शिकागो', 'gn': 'Chikago', 'da': 'Chicago', 'ce': 'Чикаго', 'eu': 'Chicago', 'hu': 'Chicago', 'es': 'Chicago', 'ka': 'ჩიკაგო', 'ga': 'Chicago', 'co': 'Chicago', 'fo': 'Chicago', 'kk': 'Чикаго', 'cy': 'Chicago', 'mg': 'Chicago', 'io': 'Chicago', 'uz': 'Chicago', 'bh': 'शिकागो', 'et': 'Chicago', 'sc': 'Chicago', 'pa': 'ਸ਼ਿਕਾਗੋ', 'kl': 'Chicago', 'pt': 'Chicago', 'my': 'ရှီကာဂိုမြို့', 'tl': 'Chicago', 'iu': 'ᓰᖄᑯ', 'ro': 'Chicago', 'mn': 'Чикаго', 'ms': 'Chicago', 'ne': 'शिकागो', 'wa': 'Tchicago', 'sv': 'Chicago', 'mi': 'Chicago', 'ie': 'Chicago', 'ur': 'شکاگو، الینوائے', 'sh': 'Chicago', 'am': 'ሺካጎ', 'sn': 'Chicago', 'de': 'Chicago', 'st': 'Chicago', 'gl': 'Chicago', 'ja': 'シカゴ', 'af': 'Chicago', 'se': 'Chicago', 'ak': 'Chicago'}, 'lat': 41.8755616, 'lon': -87.6244212, 'country': 'US', 'state': 'Illinois'}]
2025-02-22 19:19:35 [INFO] Fetching geolocation for ZIP code: 90210
2025-02-22 19:19:35 [DEBUG] Request URL: http://api.openweathermap.org/geo/1.0/zip?zip=90210,US&appid=f897a99d971b5eef57be6fafa0d83239
2025-02-22 19:19:35 [DEBUG] Response JSON for 90210: {'lat': 34.0901, 'lon': -118.4065, 'name': 'Beverly Hills', 'state': 'California', 'country': 'US'}
2025-02-22 19:19:35 [INFO] Fetching geolocation for city/state: Madison, WI
2025-02-22 19:19:35 [DEBUG] Request URL: http://api.openweathermap.org/geo/1.0/direct?q=Madison,WI,US&limit=1&appid=f897a99d971b5eef57be6fafa0d83239
2025-02-22 19:19:35 [DEBUG] Response JSON for Madison, WI: [{'lat': 43.0731, 'lon': -89.4012, 'name': 'Madison', 'state': 'Wisconsin', 'country': 'US'}]
2025-02-22 19:19:35 [INFO] Fetching geolocation for city/state: Madison WI
2025-02-22 19:19:35 [ERROR] Invalid city/state format: Madison WI
2025-02-22 19:19:35 [INFO] Fetching geolocation for city/state: Madison
2025-02-22 19:19:35 [ERROR] Invalid city/state format: Madison
2025-02-22 19:19:35 [INFO] Fetching geolocation for ZIP code: ABC123
2025-02-22 19:19:35 [DEBUG] Request URL: http://api.openweathermap.org/geo/1.0/zip?zip=ABC123,US&appid=f897a99d971b5eef57be6fafa0d83239
2025-02-22 19:19:35 [ERROR] Error fetching data for ABC123: {"cod":"404","message":"not found"}
2025-02-22 19:19:36 [INFO] Fetching geolocation for city/state: Madison, WI
2025-02-22 19:19:36 [DEBUG] Request URL: http://api.openweathermap.org/geo/1.0/direct?q=Madison,WI,US&limit=1&appid=f897a99d971b5eef57be6fafa0d83239
2025-02-22 19:19:36 [DEBUG] Response JSON for Madison, WI: [{'name': 'Madison', 'local_names': {'sr': 'Медисон', 'pl': 'Madison', 'ru': 'Мадисон', 'ta': 'மேடிசன்', 'en': 'Madison', 'uk': 'Медісон', 'zh': '麦迪逊'}, 'lat': 43.074761, 'lon': -89.3837613, 'country': 'US', 'state': 'Wisconsin'}]
2025-02-22 19:19:36 [DEBUG] Output for Madison, WI:
Result: Madison (US)
Latitude: 43.074761
Longitude: -89.3837613
2025-02-22 19:19:36 [INFO] Fetching geolocation for ZIP code: 90210
2025-02-22 19:19:36 [DEBUG] Request URL: http://api.openweathermap.org/geo/1.0/zip?zip=90210,US&appid=f897a99d971b5eef57be6fafa0d83239
2025-02-22 19:19:36 [DEBUG] Response JSON for 90210: {'zip': '90210', 'name': 'Beverly Hills', 'lat': 34.0901, 'lon': -118.4065, 'country': 'US'}
2025-02-22 19:19:36 [DEBUG] Output for 90210:
Result: Beverly Hills (US)
Latitude: 34.0901
Longitude: -118.4065
2025-02-22 19:38:13 [INFO] Fetching geolocation for ZIP code: 90210
2025-02-22 19:38:13 [DEBUG] Request URL: http://api.openweathermap.org/geo/1.0/zip?zip=90210,US&appid=f897a99d971b5eef57be6fafa0d83239
2025-02-22 19:38:13 [DEBUG] Response JSON for 90210: {'lat': 34.0901, 'lon': -118.4065, 'name': 'Beverly Hills', 'state': 'California', 'country': 'US'}
2025-02-22 19:38:13 [INFO] Fetching geolocation for city/state: Madison, WI
2025-02-22 19:38:13 [DEBUG] Request URL: http://api.openweathermap.org/geo/1.0/direct?q=Madison,WI,US&limit=1&appid=f897a99d971b5eef57be6fafa0d83239
2025-02-22 19:38:13 [DEBUG] Response JSON for Madison, WI: [{'lat': 43.0731, 'lon': -89.4012, 'name': 'Madison', 'state': 'Wisconsin', 'country': 'US'}]
2025-02-22 19:38:13 [INFO] Fetching geolocation for city/state: Madison WI
2025-02-22 19:38:13 [ERROR] Invalid city/state format: Madison WI
2025-02-22 19:38:13 [INFO] Fetching geolocation for city/state: Madison
2025-02-22 19:38:13 [ERROR] Invalid city/state format: Madison
2025-02-22 19:38:13 [INFO] Fetching geolocation for ZIP code: ABC123
2025-02-22 19:38:13 [DEBUG] Request URL: http://api.openweathermap.org/geo/1.0/zip?zip=ABC123,US&appid=f897a99d971b5eef57be6fafa0d83239
2025-02-22 19:38:14 [ERROR] Error fetching data for ABC123: {"cod":"404","message":"not found"}
2025-02-22 19:38:14 [INFO] Fetching geolocation for city/state: Madison, WI
2025-02-22 19:38:14 [DEBUG] Request URL: http://api.openweathermap.org/geo/1.0/direct?q=Madison,WI,US&limit=1&appid=f897a99d971b5eef57be6fafa0d83239
2025-02-22 19:38:14 [DEBUG] Response JSON for Madison, WI: [{'name': 'Madison', 'local_names': {'zh': '麦迪逊', 'sr': 'Медисон', 'pl': 'Madison', 'ru': 'Мадисон', 'ta': 'மேடிசன்', 'en': 'Madison', 'uk': 'Медісон'}, 'lat': 43.074761, 'lon': -89.3837613, 'country': 'US', 'state': 'Wisconsin'}]
2025-02-22 19:38:14 [DEBUG] Output for Madison, WI:
Result: Madison (US)
Latitude: 43.074761
Longitude: -89.3837613
2025-02-22 19:38:14 [INFO] Fetching geolocation for ZIP code: 90210
2025-02-22 19:38:14 [DEBUG] Request URL: http://api.openweathermap.org/geo/1.0/zip?zip=90210,US&appid=f897a99d971b5eef57be6fafa0d83239
2025-02-22 19:38:14 [DEBUG] Response JSON for 90210: {'zip': '90210', 'name': 'Beverly Hills', 'lat': 34.0901, 'lon': -118.4065, 'country': 'US'}
2025-02-22 19:38:14 [DEBUG] Output for 90210:
Result: Beverly Hills (US)
Latitude: 34.0901
Longitude: -118.4065
2025-02-24 16:00:11 [INFO] Fetching geolocation for ZIP code: 90210
2025-02-24 16:00:11 [DEBUG] Request URL: http://api.openweathermap.org/geo/1.0/zip?zip=90210,US&appid=f897a99d971b5eef57be6fafa0d83239
2025-02-24 16:00:11 [DEBUG] Response JSON for 90210: {'lat': 34.0901, 'lon': -118.4065, 'name': 'Beverly Hills', 'state': 'California', 'country': 'US'}
2025-02-24 16:00:11 [INFO] Fetching geolocation for city/state: Madison, WI
2025-02-24 16:00:11 [DEBUG] Request URL: http://api.openweathermap.org/geo/1.0/direct?q=Madison,WI,US&limit=1&appid=f897a99d971b5eef57be6fafa0d83239
2025-02-24 16:00:11 [DEBUG] Response JSON for Madison, WI: [{'lat': 43.0731, 'lon': -89.4012, 'name': 'Madison', 'state': 'Wisconsin', 'country': 'US'}]
2025-02-24 16:00:11 [INFO] Fetching geolocation for city/state: Madison WI
2025-02-24 16:00:11 [ERROR] Invalid city/state format: Madison WI
2025-02-24 16:00:11 [INFO] Fetching geolocation for city/state: Madison
2025-02-24 16:00:11 [ERROR] Invalid city/state format: Madison
2025-02-24 16:00:11 [INFO] Fetching geolocation for ZIP code: ABC123
2025-02-24 16:00:11 [DEBUG] Request URL: http://api.openweathermap.org/geo/1.0/zip?zip=ABC123,US&appid=f897a99d971b5eef57be6fafa0d83239
2025-02-24 16:00:12 [ERROR] Error fetching data for ABC123: {"cod":"404","message":"not found"}
2025-02-24 16:00:13 [INFO] Fetching geolocation for city/state: Madison, WI
2025-02-24 16:00:13 [DEBUG] Request URL: http://api.openweathermap.org/geo/1.0/direct?q=Madison,WI,US&limit=1&appid=f897a99d971b5eef57be6fafa0d83239
2025-02-24 16:00:16 [DEBUG] Response JSON for Madison, WI: [{'name': 'Madison', 'local_names': {'zh': '麦迪逊', 'ta': 'மேடிசன்', 'sr': 'Медисон', 'pl': 'Madison', 'ru': 'Мадисон', 'en': 'Madison', 'uk': 'Медісон'}, 'lat': 43.074761, 'lon': -89.3837613, 'country': 'US', 'state': 'Wisconsin'}]
2025-02-24 16:00:16 [DEBUG] Output for Madison, WI:
Result: Madison (US)
Latitude: 43.074761
Longitude: -89.3837613
2025-02-24 16:00:16 [INFO] Fetching geolocation for ZIP code: 90210
2025-02-24 16:00:16 [DEBUG] Request URL: http://api.openweathermap.org/geo/1.0/zip?zip=90210,US&appid=f897a99d971b5eef57be6fafa0d83239
2025-02-24 16:00:17 [DEBUG] Response JSON for 90210: {'zip': '90210', 'name': 'Beverly Hills', 'lat': 34.0901, 'lon': -118.4065, 'country': 'US'}
2025-02-24 16:00:17 [DEBUG] Output for 90210:
Result: Beverly Hills (US)
Latitude: 34.0901
Longitude: -118.4065
2025-03-03 21:53:11 [INFO] Processing location (GUI): 46410
2025-03-03 21:53:11 [INFO] Fetching geolocation for ZIP code: 46410
2025-03-03 21:53:11 [DEBUG] Request URL: http://api.openweathermap.org/geo/1.0/zip?zip=46410,US&appid=f897a99d971b5eef57be6fafa0d83239
2025-03-03 21:53:11 [DEBUG] Response JSON for 46410: {'zip': '46410', 'name': 'Merrillville', 'lat': 41.4957, 'lon': -87.3509, 'country': 'US'}
2025-03-04 20:29:13 [INFO] Fetching geolocation for ZIP code: 90210
2025-03-04 20:29:13 [DEBUG] Request URL: http://api.openweathermap.org/geo/1.0/zip?zip=90210,US&appid=f897a99d971b5eef57be6fafa0d83239
2025-03-04 20:29:13 [DEBUG] Response JSON for 90210: {'lat': 34.0901, 'lon': -118.4065, 'name': 'Beverly Hills', 'state': 'California', 'country': 'US'}
2025-03-04 20:29:13 [INFO] Fetching geolocation for city/state: Madison, WI
2025-03-04 20:29:13 [DEBUG] Request URL: http://api.openweathermap.org/geo/1.0/direct?q=Madison,WI,US&limit=1&appid=f897a99d971b5eef57be6fafa0d83239
2025-03-04 20:29:13 [DEBUG] Response JSON for Madison, WI: [{'lat': 43.0731, 'lon': -89.4012, 'name': 'Madison', 'state': 'Wisconsin', 'country': 'US'}]
2025-03-04 20:29:13 [INFO] Fetching geolocation for city/state: Madison WI
2025-03-04 20:29:13 [ERROR] Invalid city/state format: Madison WI
2025-03-04 20:29:13 [INFO] Fetching geolocation for city/state: Madison
2025-03-04 20:29:13 [ERROR] Invalid city/state format: Madison
2025-03-04 20:29:13 [INFO] Fetching geolocation for ZIP code: ABC123
2025-03-04 20:29:13 [DEBUG] Request URL: http://api.openweathermap.org/geo/1.0/zip?zip=ABC123,US&appid=f897a99d971b5eef57be6fafa0d83239
2025-03-04 20:29:14 [ERROR] Error fetching data for ABC123: {"cod":"404","message":"not found"}
2025-03-04 20:29:14 [INFO] Fetching geolocation for city/state: Madison, WI
2025-03-04 20:29:14 [DEBUG] Request URL: http://api.openweathermap.org/geo/1.0/direct?q=Madison,WI,US&limit=1&appid=f897a99d971b5eef57be6fafa0d83239
2025-03-04 20:29:14 [DEBUG] Response JSON for Madison, WI: [{'name': 'Madison', 'local_names': {'en': 'Madison', 'uk': 'Медісон', 'zh': '麦迪逊', 'ta': 'மேடிசன்', 'sr': 'Медисон', 'pl': 'Madison', 'ru': 'Мадисон'}, 'lat': 43.074761, 'lon': -89.3837613, 'country': 'US', 'state': 'Wisconsin'}]
2025-03-04 20:29:14 [DEBUG] Output for Madison, WI:
Result: Madison (US)
Latitude: 43.074761
Longitude: -89.3837613
2025-03-04 20:29:14 [INFO] Fetching geolocation for ZIP code: 90210
2025-03-04 20:29:14 [DEBUG] Request URL: http://api.openweathermap.org/geo/1.0/zip?zip=90210,US&appid=f897a99d971b5eef57be6fafa0d83239
2025-03-04 20:29:15 [DEBUG] Response JSON for 90210: {'zip': '90210', 'name': 'Beverly Hills', 'lat': 34.0901, 'lon': -118.4065, 'country': 'US'}
2025-03-04 20:29:15 [DEBUG] Output for 90210:
Result: Beverly Hills (US)
Latitude: 34.0901
Longitude: -118.4065
2025-03-04 20:59:51 [INFO] Fetching geolocation for ZIP code: 90210
2025-03-04 20:59:51 [DEBUG] Request URL: http://api.openweathermap.org/geo/1.0/zip?zip=90210,US&appid=f897a99d971b5eef57be6fafa0d83239
2025-03-04 20:59:51 [DEBUG] Response JSON for 90210: {'lat': 34.0901, 'lon': -118.4065, 'name': 'Beverly Hills', 'state': 'California', 'country': 'US'}
2025-03-04 20:59:51 [INFO] Fetching geolocation for city/state: Madison, WI
2025-03-04 20:59:51 [DEBUG] Request URL: http://api.openweathermap.org/geo/1.0/direct?q=Madison,WI,US&limit=1&appid=f897a99d971b5eef57be6fafa0d83239
2025-03-04 20:59:51 [DEBUG] Response JSON for Madison, WI: [{'lat': 43.0731, 'lon': -89.4012, 'name': 'Madison', 'state': 'Wisconsin', 'country': 'US'}]
2025-03-04 20:59:51 [INFO] Fetching geolocation for city/state: Madison WI
2025-03-04 20:59:51 [ERROR] Invalid city/state format: Madison WI
2025-03-04 20:59:51 [INFO] Fetching geolocation for city/state: Madison
2025-03-04 20:59:51 [ERROR] Invalid city/state format: Madison
2025-03-04 20:59:51 [INFO] Fetching geolocation for ZIP code: ABC123
2025-03-04 20:59:51 [DEBUG] Request URL: http://api.openweathermap.org/geo/1.0/zip?zip=ABC123,US&appid=f897a99d971b5eef57be6fafa0d83239
2025-03-04 20:59:51 [ERROR] Error fetching data for ABC123: {"cod":"404","message":"not found"}
2025-03-04 20:59:52 [INFO] Fetching geolocation for city/state: Madison, WI
2025-03-04 20:59:52 [DEBUG] Request URL: http://api.openweathermap.org/geo/1.0/direct?q=Madison,WI,US&limit=1&appid=f897a99d971b5eef57be6fafa0d83239
2025-03-04 20:59:52 [DEBUG] Response JSON for Madison, WI: [{'name': 'Madison', 'local_names': {'uk': 'Медісон', 'zh': '麦迪逊', 'ta': 'மேடிசன்', 'sr': 'Медисон', 'pl': 'Madison', 'ru': 'Мадисон', 'en': 'Madison'}, 'lat': 43.074761, 'lon': -89.3837613, 'country': 'US', 'state': 'Wisconsin'}]
2025-03-04 20:59:52 [DEBUG] Output for Madison, WI:
Result: Madison (US)
Latitude: 43.074761
Longitude: -89.3837613
2025-03-04 20:59:52 [INFO] Fetching geolocation for ZIP code: 90210
2025-03-04 20:59:52 [DEBUG] Request URL: http://api.openweathermap.org/geo/1.0/zip?zip=90210,US&appid=f897a99d971b5eef57be6fafa0d83239
2025-03-04 20:59:52 [DEBUG] Response JSON for 90210: {'zip': '90210', 'name': 'Beverly Hills', 'lat': 34.0901, 'lon': -118.4065, 'country': 'US'}
2025-03-04 20:59:52 [DEBUG] Output for 90210:
Result: Beverly Hills (US)
Latitude: 34.0901
Longitude: -118.4065
2025-03-04 21:03:58 [INFO] Fetching geolocation for ZIP code: 90210
2025-03-04 21:03:58 [DEBUG] Request URL: http://api.openweathermap.org/geo/1.0/zip?zip=90210,US&appid=f897a99d971b5eef57be6fafa0d83239
2025-03-04 21:03:58 [DEBUG] Response JSON for 90210: {'lat': 34.0901, 'lon': -118.4065, 'name': 'Beverly Hills', 'state': 'California', 'country': 'US'}
2025-03-04 21:03:58 [INFO] Fetching geolocation for city/state: Madison, WI
2025-03-04 21:03:58 [DEBUG] Request URL: http://api.openweathermap.org/geo/1.0/direct?q=Madison,WI,US&limit=1&appid=f897a99d971b5eef57be6fafa0d83239
2025-03-04 21:03:58 [DEBUG] Response JSON for Madison, WI: [{'lat': 43.0731, 'lon': -89.4012, 'name': 'Madison', 'state': 'Wisconsin', 'country': 'US'}]
2025-03-04 21:03:58 [INFO] Fetching geolocation for city/state: Madison WI
2025-03-04 21:03:58 [ERROR] Invalid city/state format: Madison WI
2025-03-04 21:03:58 [INFO] Fetching geolocation for city/state: Madison
2025-03-04 21:03:58 [ERROR] Invalid city/state format: Madison
2025-03-04 21:03:58 [INFO] Fetching geolocation for ZIP code: ABC123
2025-03-04 21:03:58 [DEBUG] Request URL: http://api.openweathermap.org/geo/1.0/zip?zip=ABC123,US&appid=f897a99d971b5eef57be6fafa0d83239
2025-03-04 21:03:58 [ERROR] Error fetching data for ABC123: {"cod":"404","message":"not found"}
2025-03-04 21:03:59 [INFO] Fetching geolocation for city/state: Madison, WI
2025-03-04 21:03:59 [DEBUG] Request URL: http://api.openweathermap.org/geo/1.0/direct?q=Madison,WI,US&limit=1&appid=f897a99d971b5eef57be6fafa0d83239
2025-03-04 21:03:59 [DEBUG] Response JSON for Madison, WI: [{'name': 'Madison', 'local_names': {'uk': 'Медісон', 'zh': '麦迪逊', 'ta': 'மேடிசன்', 'sr': 'Медисон', 'pl': 'Madison', 'ru': 'Мадисон', 'en': 'Madison'}, 'lat': 43.074761, 'lon': -89.3837613, 'country': 'US', 'state': 'Wisconsin'}]
2025-03-04 21:03:59 [DEBUG] Output for Madison, WI:
Result: Madison (US)
Latitude: 43.074761
Longitude: -89.3837613
2025-03-04 21:03:59 [INFO] Fetching geolocation for ZIP code: 90210
2025-03-04 21:03:59 [DEBUG] Request URL: http://api.openweathermap.org/geo/1.0/zip?zip=90210,US&appid=f897a99d971b5eef57be6fafa0d83239
2025-03-04 21:03:59 [DEBUG] Response JSON for 90210: {'zip': '90210', 'name': 'Beverly Hills', 'lat': 34.0901, 'lon': -118.4065, 'country': 'US'}
2025-03-04 21:03:59 [DEBUG] Output for 90210:
Result: Beverly Hills (US)
Latitude: 34.0901
Longitude: -118.4065
